Arguments: 
  C:\Program Files\nodejs\node.exe C:\Users\marcm\AppData\Roaming\npm\node_modules\yarn\bin\yarn.js delete jsmin

PATH: 
  C:\Program Files\Common Files\Oracle\Java\javapath;C:\Program Files (x86)\Common Files\Oracle\Java\javapath;C:\WINDOWS\system32;C:\WINDOWS;C:\WINDOWS\System32\Wbem;C:\WINDOWS\System32\WindowsPowerShell\v1.0\;C:\WINDOWS\System32\OpenSSH\;C:\Program Files\Git\cmd;C:\Program Files\Docker\Docker\resources\bin;C:\ProgramData\DockerDesktop\version-bin;C:\Program Files\nodejs\;C:\Program Files\PostgreSQL\14\bin\;C:\Users\marcm\AppData\Local\Programs\Python\Python310\Scripts\;C:\Users\marcm\AppData\Local\Programs\Python\Python310\;C:\Users\marcm\AppData\Local\Programs\Python\Python39\Scripts\;C:\Users\marcm\AppData\Local\Programs\Python\Python39\;C:\Users\marcm\AppData\Local\Microsoft\WindowsApps;C:\Users\marcm\AppData\Local\Programs\Microsoft VS Code\bin;C:\Users\marcm\AppData\Roaming\npm

Yarn version: 
  1.22.17

Node version: 
  16.10.0

Platform: 
  win32 x64

Trace: 
  SyntaxError: C:\Users\marcm\Documents\workspaces\Studies\fetch-api-skeleton-front\package.json: Unexpected token } in JSON at position 301
      at JSON.parse (<anonymous>)
      at C:\Users\marcm\AppData\Roaming\npm\node_modules\yarn\lib\cli.js:1625:59
      at Generator.next (<anonymous>)
      at step (C:\Users\marcm\AppData\Roaming\npm\node_modules\yarn\lib\cli.js:310:30)
      at C:\Users\marcm\AppData\Roaming\npm\node_modules\yarn\lib\cli.js:321:13

npm manifest: 
  {
    "name": "fetch-api-skeleton-front",
    "version": "1.0.0",
    "description": "Fetch api and set skeleton front",
    "main": "index.ts",
    "module": "dist/module.js",
    "types": "dist/types.d.ts",
    "scripts": {
      "test": "echo \"Error: no test specified\" && exit 1",
      "watch": "tsc --watch",
    },
    "repository": {
      "type": "git",
      "url": "git+https://github.com/marcmatias/fetch-api-skeleton-front.git"
    },
    "author": "",
    "license": "ISC",
    "bugs": {
      "url": "https://github.com/marcmatias/fetch-api-skeleton-front/issues"
    },
    "homepage": "https://github.com/marcmatias/fetch-api-skeleton-front#readme",
    "dependencies": {
      "typescript": "^4.5.5"
    },
    "devDependencies": {
      "jsmin": "^1.0.1"
    }
  }

yarn manifest: 
  No manifest

Lockfile: 
  # THIS IS AN AUTOGENERATED FILE. DO NOT EDIT THIS FILE DIRECTLY.
  # yarn lockfile v1
  
  
  jsmin@^1.0.1:
    version "1.0.1"
    resolved "https://registry.yarnpkg.com/jsmin/-/jsmin-1.0.1.tgz#e7bd0dcd6496c3bf4863235bf461a3d98aa3b98c"
    integrity sha1-570NzWSWw79IYyNb9GGj2YqjuYw=
  
  typescript@^4.5.5:
    version "4.5.5"
    resolved "https://registry.yarnpkg.com/typescript/-/typescript-4.5.5.tgz#d8c953832d28924a9e3d37c73d729c846c5896f3"
    integrity sha512-TCTIul70LyWe6IJWT8QSYeA54WQe8EjQFU4wY52Fasj5UKx88LNYKCgBEHcOMOrFF1rKGbD8v/xcNWVUq9SymA==
